<?xml version="1.0" encoding="UTF-8"?>
<!-- Generated by org.testng.reporters.JUnitReportReporter -->
<testsuite hostname="TNQ-BCP-617" failures="0" tests="1" name="TestComponent.NewTest" time="16.402" errors="0" timestamp="2021-06-22T14:19:58 IST" skipped="0">
  <testcase classname="TestComponent.NewTest" name="Validationforsignup" time="16.402"/>
  <system-out/>
</testsuite> <!-- TestComponent.NewTest -->
